<?xml version="1.0" encoding="UTF-8"?>
<!-- Generated by org.testng.reporters.JUnitReportReporter -->
<testsuite hostname="DESKTOP-HSU04EJ" failures="0" tests="1" name="TestCases.TestCase1_Register_ByTakingRegisterData_From_RamdomMethods_FromUtility" time="10.044" errors="0" timestamp="2024-06-11T19:35:42 IST" skipped="0">
  <testcase classname="TestCases.TestCase1_Register_ByTakingRegisterData_From_RamdomMethods_FromUtility" name="Register2" time="10.044"/>
</testsuite> <!-- TestCases.TestCase1_Register_ByTakingRegisterData_From_RamdomMethods_FromUtility -->
